TN:
SF:C:\Users\cerqu\OneDrive\Desenvolvimento\kuau\src\app\app.component.ts
FN:10,(anonymous_2)
FN:13,MyApp
FN:14,(anonymous_4)
FNF:3
FNH:3
FNDA:1,(anonymous_2)
FNDA:3,MyApp
FNDA:3,(anonymous_4)
DA:10,1
DA:11,3
DA:14,3
DA:17,3
DA:18,3
DA:21,1
LF:6
LH:6
BRF:0
BRH:0
end_of_record
TN:
SF:C:\Users\cerqu\OneDrive\Desenvolvimento\kuau\src\pages\home\home.module.ts
FN:13,(anonymous_1)
FNF:1
FNH:1
FNDA:12,(anonymous_1)
DA:13,1
LF:1
LH:1
BRF:0
BRH:0
end_of_record
TN:
SF:C:\Users\cerqu\OneDrive\Desenvolvimento\kuau\src\pages\home\home.ts
FN:18,(anonymous_2)
FN:27,HomePage
FN:36,(anonymous_4)
FN:46,(anonymous_5)
FN:47,(anonymous_6)
FN:49,(anonymous_7)
FN:54,(anonymous_8)
FN:56,(anonymous_9)
FN:59,(anonymous_10)
FN:72,(anonymous_11)
FN:88,(anonymous_12)
FNF:11
FNH:10
FNDA:1,(anonymous_2)
FNDA:11,HomePage
FNDA:6,(anonymous_4)
FNDA:5,(anonymous_5)
FNDA:5,(anonymous_6)
FNDA:2,(anonymous_7)
FNDA:5,(anonymous_8)
FNDA:3,(anonymous_9)
FNDA:3,(anonymous_10)
FNDA:0,(anonymous_11)
FNDA:1,(anonymous_12)
DA:18,1
DA:20,11
DA:21,11
DA:22,11
DA:23,11
DA:24,11
DA:27,11
DA:28,11
DA:36,1
DA:37,6
DA:38,5
DA:40,1
DA:41,1
DA:42,1
DA:46,5
DA:47,5
DA:48,5
DA:49,5
DA:51,2
DA:52,2
DA:55,5
DA:56,3
DA:57,3
DA:58,3
DA:59,3
DA:60,3
DA:66,3
DA:68,3
DA:70,3
DA:71,3
DA:73,0
DA:74,0
DA:75,0
DA:76,0
DA:77,0
DA:81,2
DA:82,2
DA:88,1
DA:89,1
DA:92,1
LF:40
LH:35
BRDA:37,0,0,5
BRDA:37,0,1,1
BRDA:51,1,0,2
BRDA:51,1,1,0
BRDA:55,2,0,3
BRDA:55,2,1,2
BRF:6
BRH:5
end_of_record
TN:
SF:C:\Users\cerqu\OneDrive\Desenvolvimento\kuau\src\pages\profile\profile.module.ts
FN:13,(anonymous_1)
FNF:1
FNH:1
FNDA:5,(anonymous_1)
DA:13,1
LF:1
LH:1
BRF:0
BRH:0
end_of_record
TN:
SF:C:\Users\cerqu\OneDrive\Desenvolvimento\kuau\src\pages\profile\profile.ts
FN:19,(anonymous_2)
FN:26,ProfilePage
FN:36,(anonymous_4)
FN:49,(anonymous_5)
FN:50,(anonymous_6)
FN:51,(anonymous_7)
FN:56,(anonymous_8)
FN:81,(anonymous_9)
FNF:8
FNH:7
FNDA:1,(anonymous_2)
FNDA:4,ProfilePage
FNDA:4,(anonymous_4)
FNDA:6,(anonymous_5)
FNDA:6,(anonymous_6)
FNDA:6,(anonymous_7)
FNDA:6,(anonymous_8)
FNDA:0,(anonymous_9)
DA:19,1
DA:21,4
DA:23,4
DA:26,4
DA:27,4
DA:33,4
DA:35,4
DA:36,4
DA:37,4
DA:38,4
DA:40,0
DA:44,0
DA:45,0
DA:49,6
DA:50,6
DA:51,6
DA:52,6
DA:53,0
DA:54,0
DA:56,6
DA:57,6
DA:79,6
DA:80,6
DA:82,0
DA:83,0
DA:84,0
DA:91,1
LF:27
LH:19
BRDA:35,0,0,4
BRDA:35,0,1,0
BRDA:35,1,0,4
BRDA:35,1,1,4
BRDA:37,2,0,4
BRDA:37,2,1,0
BRDA:52,3,0,0
BRDA:52,3,1,6
BRF:8
BRH:5
end_of_record
TN:
SF:C:\Users\cerqu\OneDrive\Desenvolvimento\kuau\src\providers\github\github.ts
FN:17,(anonymous_2)
FN:19,GithubProvider
FN:23,(anonymous_4)
FN:30,(anonymous_5)
FN:38,(anonymous_6)
FN:41,(anonymous_7)
FN:46,(anonymous_8)
FN:54,(anonymous_9)
FNF:8
FNH:6
FNDA:1,(anonymous_2)
FNDA:18,GithubProvider
FNDA:4,(anonymous_4)
FNDA:4,(anonymous_5)
FNDA:0,(anonymous_6)
FNDA:7,(anonymous_7)
FNDA:7,(anonymous_8)
FNDA:0,(anonymous_9)
DA:17,1
DA:19,18
DA:23,1
DA:25,4
DA:27,4
DA:31,4
DA:32,4
DA:33,4
DA:35,0
DA:38,0
DA:41,1
DA:42,7
DA:43,7
DA:47,7
DA:48,7
DA:49,7
DA:51,0
DA:54,0
DA:57,1
LF:19
LH:15
BRDA:32,0,0,4
BRDA:32,0,1,0
BRDA:32,1,0,4
BRDA:32,1,1,4
BRDA:38,2,0,0
BRDA:38,2,1,0
BRDA:48,3,0,7
BRDA:48,3,1,0
BRDA:54,4,0,0
BRDA:54,4,1,0
BRF:10
BRH:4
end_of_record
